10:02:06:690  INFO 22136 --- [main] com.hmall.pay.PayApplication             : Starting PayApplication using Java 11.0.23 on LAPTOP-TTM0UI9D with PID 22136 (D:\SpringCloud\hmall\pay-service\target\classes started by 12589 in D:\SpringCloud\hmall)
10:02:06:697 DEBUG 22136 --- [main] com.hmall.pay.PayApplication             : Running with Spring Boot v2.7.12, Spring v5.3.27
10:02:06:697  INFO 22136 --- [main] com.hmall.pay.PayApplication             : The following 1 profile is active: "local"
10:02:08:892  INFO 22136 --- [main] o.s.cloud.context.scope.GenericScope     : BeanFactory id=ded9147f-8dcd-31a2-9f1d-86eccd95d5d7
10:02:09:434  INFO 22136 --- [main] o.s.b.w.embedded.tomcat.TomcatWebServer  : Tomcat initialized with port(s): 8086 (http)
10:02:09:454  INFO 22136 --- [main] o.apache.catalina.core.StandardService   : Starting service [Tomcat]
10:02:09:455  INFO 22136 --- [main] org.apache.catalina.core.StandardEngine  : Starting Servlet engine: [Apache Tomcat/9.0.75]
10:02:09:804  INFO 22136 --- [main] o.a.c.c.C.[Tomcat].[localhost].[/]       : Initializing Spring embedded WebApplicationContext
10:02:09:804  INFO 22136 --- [main] w.s.c.ServletWebServerApplicationContext : Root WebApplicationContext: initialization completed in 3027 ms
10:02:10:230  INFO 22136 --- [main] o.s.c.openfeign.FeignClientFactoryBean   : For 'user-service' URL not provided. Will try picking an instance via load-balancing.
10:02:10:360  INFO 22136 --- [main] o.s.c.openfeign.FeignClientFactoryBean   : For 'trade-service' URL not provided. Will try picking an instance via load-balancing.
10:02:16:022  INFO 22136 --- [main] o.s.cloud.commons.util.InetUtils         : Cannot determine local hostname
10:02:16:048  INFO 22136 --- [main] pertySourcedRequestMappingHandlerMapping : Mapped URL path [/v2/api-docs] onto method [springfox.documentation.swagger2.web.Swagger2ControllerWebMvc#getDocumentation(String, HttpServletRequest)]
10:02:18:446  INFO 22136 --- [main] o.s.cloud.commons.util.InetUtils         : Cannot determine local hostname
10:02:18:710  INFO 22136 --- [main] com.alibaba.nacos.common.remote.client   : [RpcClientFactory] create a new rpc client of 3c40bcd7-435f-4014-aecc-fc415e035115
10:02:18:768  INFO 22136 --- [main] org.reflections.Reflections              : Reflections took 28 ms to scan 1 urls, producing 3 keys and 6 values 
10:02:18:803  INFO 22136 --- [main] org.reflections.Reflections              : Reflections took 13 ms to scan 1 urls, producing 4 keys and 9 values 
10:02:18:821  INFO 22136 --- [main] org.reflections.Reflections              : Reflections took 14 ms to scan 1 urls, producing 3 keys and 10 values 
10:02:18:826  WARN 22136 --- [main] org.reflections.Reflections              : given scan urls are empty. set urls in the configuration
10:02:18:836  INFO 22136 --- [main] org.reflections.Reflections              : Reflections took 9 ms to scan 1 urls, producing 1 keys and 5 values 
10:02:18:860  INFO 22136 --- [main] org.reflections.Reflections              : Reflections took 20 ms to scan 1 urls, producing 1 keys and 7 values 
10:02:18:879  INFO 22136 --- [main] org.reflections.Reflections              : Reflections took 16 ms to scan 1 urls, producing 2 keys and 8 values 
10:02:18:882  WARN 22136 --- [main] org.reflections.Reflections              : given scan urls are empty. set urls in the configuration
10:02:18:883  INFO 22136 --- [main] com.alibaba.nacos.common.remote.client   : [3c40bcd7-435f-4014-aecc-fc415e035115] RpcClient init label, labels = {module=naming, source=sdk}
10:02:18:886  INFO 22136 --- [main] com.alibaba.nacos.common.remote.client   : [3c40bcd7-435f-4014-aecc-fc415e035115] RpcClient init, ServerListFactory = com.alibaba.nacos.client.naming.core.ServerListManager
10:02:18:886  INFO 22136 --- [main] com.alibaba.nacos.common.remote.client   : [3c40bcd7-435f-4014-aecc-fc415e035115] Registry connection listener to current client:com.alibaba.nacos.client.naming.remote.gprc.redo.NamingGrpcRedoService
10:02:18:888  INFO 22136 --- [main] com.alibaba.nacos.common.remote.client   : [3c40bcd7-435f-4014-aecc-fc415e035115] Register server push request handler:com.alibaba.nacos.client.naming.remote.gprc.NamingPushRequestHandler
10:02:18:889  INFO 22136 --- [main] com.alibaba.nacos.common.remote.client   : [3c40bcd7-435f-4014-aecc-fc415e035115] Try to connect to server on start up, server: {serverIp = '192.168.235.128', server main port = 8848}
10:02:22:958  INFO 22136 --- [main] com.alibaba.nacos.common.remote.client   : [3c40bcd7-435f-4014-aecc-fc415e035115] Success to connect to server [192.168.235.128:8848] on start up, connectionId = 1719062913435_192.168.235.1_56660
10:02:22:959  INFO 22136 --- [com.alibaba.nacos.client.remote.worker] com.alibaba.nacos.common.remote.client   : [3c40bcd7-435f-4014-aecc-fc415e035115] Notify connected event to listeners.
10:02:22:960  INFO 22136 --- [main] com.alibaba.nacos.common.remote.client   : [3c40bcd7-435f-4014-aecc-fc415e035115] Register server push request handler:com.alibaba.nacos.common.remote.client.RpcClient$ConnectResetRequestHandler
10:02:22:960  INFO 22136 --- [main] com.alibaba.nacos.common.remote.client   : [3c40bcd7-435f-4014-aecc-fc415e035115] Register server push request handler:com.alibaba.nacos.common.remote.client.RpcClient$$Lambda$1070/0x0000000800756440
10:02:23:057  INFO 22136 --- [main] o.s.b.w.embedded.tomcat.TomcatWebServer  : Tomcat started on port(s): 8086 (http) with context path ''
10:02:23:082  INFO 22136 --- [main] c.a.c.n.registry.NacosServiceRegistry    : nacos registry, DEFAULT_GROUP pay-service 192.168.235.1:8086 register finished
10:02:23:488  INFO 22136 --- [nacos-grpc-client-executor-9] com.alibaba.nacos.common.remote.client   : [3c40bcd7-435f-4014-aecc-fc415e035115] Receive server push request, request = NotifySubscriberRequest, requestId = 49
10:02:23:500  INFO 22136 --- [nacos-grpc-client-executor-9] com.alibaba.nacos.common.remote.client   : [3c40bcd7-435f-4014-aecc-fc415e035115] Ack server push request, request = NotifySubscriberRequest, requestId = 49
10:02:25:356  INFO 22136 --- [main] o.s.cloud.commons.util.InetUtils         : Cannot determine local hostname
10:02:25:356  INFO 22136 --- [main] d.s.w.p.DocumentationPluginsBootstrapper : Documentation plugins bootstrapped
10:02:25:360  INFO 22136 --- [main] d.s.w.p.DocumentationPluginsBootstrapper : Found 1 custom documentation plugin(s)
10:02:25:384  INFO 22136 --- [main] s.d.s.w.s.ApiListingReferenceScanner     : Scanning for api listing references
10:02:25:496  INFO 22136 --- [main] com.hmall.pay.PayApplication             : Started PayApplication in 22.217 seconds (JVM running for 24.651)
10:04:16:882  WARN 22136 --- [Thread-4] c.a.nacos.common.notify.NotifyCenter     : [NotifyCenter] Start destroying Publisher
10:04:16:882  WARN 22136 --- [Thread-7] c.a.n.common.http.HttpClientBeanHolder   : [HttpClientBeanHolder] Start destroying common HttpClient
10:04:16:882  WARN 22136 --- [Thread-4] c.a.nacos.common.notify.NotifyCenter     : [NotifyCenter] Destruction of the end
10:04:16:883  WARN 22136 --- [Thread-7] c.a.n.common.http.HttpClientBeanHolder   : [HttpClientBeanHolder] Destruction of the end
10:04:17:882  INFO 22136 --- [SpringApplicationShutdownHook] c.a.c.n.registry.NacosServiceRegistry    : De-registering from Nacos Server now...
10:04:17:887  INFO 22136 --- [SpringApplicationShutdownHook] c.a.c.n.registry.NacosServiceRegistry    : De-registration finished.
10:04:18:221  INFO 22136 --- [SpringApplicationShutdownHook] com.alibaba.nacos.common.remote.client   : Shutdown rpc client, set status to shutdown
10:04:18:221  INFO 22136 --- [SpringApplicationShutdownHook] com.alibaba.nacos.common.remote.client   : Shutdown client event executor java.util.concurrent.ScheduledThreadPoolExecutor@b54696d[Running, pool size = 2, active threads = 2, queued tasks = 0, completed tasks = 0]
10:04:18:221  INFO 22136 --- [SpringApplicationShutdownHook] com.alibaba.nacos.common.remote.client   : Close current connection 1719062913435_192.168.235.1_56660
10:04:18:225  INFO 22136 --- [nacos-grpc-client-executor-40] c.a.n.c.remote.client.grpc.GrpcClient    : [1719062913435_192.168.235.1_56660]Ignore complete event,isRunning:false,isAbandon=false
10:04:18:228  INFO 22136 --- [SpringApplicationShutdownHook] c.a.n.c.remote.client.grpc.GrpcClient    : Shutdown grpc executor java.util.concurrent.ThreadPoolExecutor@57cc99b5[Running, pool size = 6, active threads = 0, queued tasks = 0, completed tasks = 41]
