11:47:50:754  INFO 8892 --- [main] com.hmall.item.ItemApplication           : Starting ItemApplication using Java 11.0.23 on LAPTOP-TTM0UI9D with PID 8892 (D:\SpringCloud\hmall\item-service\target\classes started by 12589 in D:\SpringCloud\hmall)
11:47:50:764 DEBUG 8892 --- [main] com.hmall.item.ItemApplication           : Running with Spring Boot v2.7.12, Spring v5.3.27
11:47:50:765  INFO 8892 --- [main] com.hmall.item.ItemApplication           : The following 1 profile is active: "local"
11:47:52:423  INFO 8892 --- [main] o.s.b.w.embedded.tomcat.TomcatWebServer  : Tomcat initialized with port(s): 8081 (http)
11:47:52:434  INFO 8892 --- [main] o.apache.catalina.core.StandardService   : Starting service [Tomcat]
11:47:52:434  INFO 8892 --- [main] org.apache.catalina.core.StandardEngine  : Starting Servlet engine: [Apache Tomcat/9.0.75]
11:47:52:552  INFO 8892 --- [main] o.a.c.c.C.[Tomcat].[localhost].[/]       : Initializing Spring embedded WebApplicationContext
11:47:52:552  INFO 8892 --- [main] w.s.c.ServletWebServerApplicationContext : Root WebApplicationContext: initialization completed in 1712 ms
11:47:54:998  INFO 8892 --- [main] pertySourcedRequestMappingHandlerMapping : Mapped URL path [/v2/api-docs] onto method [springfox.documentation.swagger2.web.Swagger2ControllerWebMvc#getDocumentation(String, HttpServletRequest)]
11:47:55:104  INFO 8892 --- [main] o.s.b.w.embedded.tomcat.TomcatWebServer  : Tomcat started on port(s): 8081 (http) with context path ''
11:47:55:106  INFO 8892 --- [main] d.s.w.p.DocumentationPluginsBootstrapper : Documentation plugins bootstrapped
11:47:55:110  INFO 8892 --- [main] d.s.w.p.DocumentationPluginsBootstrapper : Found 1 custom documentation plugin(s)
11:47:55:145  INFO 8892 --- [main] s.d.s.w.s.ApiListingReferenceScanner     : Scanning for api listing references
11:47:55:328  INFO 8892 --- [main] com.hmall.item.ItemApplication           : Started ItemApplication in 5.225 seconds (JVM running for 7.239)
11:48:30:343  INFO 8892 --- [http-nio-8081-exec-1] o.a.c.c.C.[Tomcat].[localhost].[/]       : Initializing Spring DispatcherServlet 'dispatcherServlet'
11:48:30:345  INFO 8892 --- [http-nio-8081-exec-1] o.s.web.servlet.DispatcherServlet        : Initializing Servlet 'dispatcherServlet'
11:48:30:346  INFO 8892 --- [http-nio-8081-exec-1] o.s.web.servlet.DispatcherServlet        : Completed initialization in 1 ms
11:48:47:284  INFO 8892 --- [http-nio-8081-exec-2] com.zaxxer.hikari.HikariDataSource       : HikariPool-1 - Starting...
11:48:47:636  INFO 8892 --- [http-nio-8081-exec-2] com.zaxxer.hikari.HikariDataSource       : HikariPool-1 - Start completed.
11:48:47:642 DEBUG 8892 --- [http-nio-8081-exec-2] c.h.i.m.ItemMapper.selectPage_mpCount    : ==>  Preparing: SELECT COUNT(*) AS total FROM item
11:48:47:661 DEBUG 8892 --- [http-nio-8081-exec-2] c.h.i.m.ItemMapper.selectPage_mpCount    : ==> Parameters: 
11:48:47:994 DEBUG 8892 --- [http-nio-8081-exec-2] c.h.i.m.ItemMapper.selectPage_mpCount    : <==      Total: 1
11:48:48:007 DEBUG 8892 --- [http-nio-8081-exec-2] c.h.item.mapper.ItemMapper.selectPage    : ==>  Preparing: SELECT id, name, price, stock, image, category, brand, spec, sold, comment_count, isAD, status, create_time, update_time, creater, updater FROM item ORDER BY update_time DESC LIMIT ?
11:48:48:007 DEBUG 8892 --- [http-nio-8081-exec-2] c.h.item.mapper.ItemMapper.selectPage    : ==> Parameters: 2(Long)
11:48:48:020 DEBUG 8892 --- [http-nio-8081-exec-2] c.h.item.mapper.ItemMapper.selectPage    : <==      Total: 2
12:01:52:368  INFO 8892 --- [SpringApplicationShutdownHook] com.zaxxer.hikari.HikariDataSource       : HikariPool-1 - Shutdown initiated...
12:01:52:397  INFO 8892 --- [SpringApplicationShutdownHook] com.zaxxer.hikari.HikariDataSource       : HikariPool-1 - Shutdown completed.
